# JRE version: OpenJDK Runtime Environment (8.0_345-b01) (build 1.8.0_345-b01)
# Java VM: OpenJDK 64-Bit Server VM (25.345-b01 mixed mode windows-amd64 compressed oops)
Heap:
 PSYoungGen      total 141824K, used 6053K [0x000000076b000000, 0x000000077c500000, 0x00000007c0000000)
  eden space 131072K, 4% used [0x000000076b000000,0x000000076b5e9408,0x0000000773000000)
  from space 10752K, 0% used [0x0000000773000000,0x0000000773000000,0x0000000773a80000)
  to   space 10752K, 0% used [0x000000077ba80000,0x000000077ba80000,0x000000077c500000)
 ParOldGen       total 139776K, used 20741K [0x00000006c1000000, 0x00000006c9880000, 0x000000076b000000)
  object space 139776K, 14% used [0x00000006c1000000,0x00000006c24414d8,0x00000006c9880000)
 Metaspace       used 21382K, capacity 21702K, committed 21760K, reserved 1069056K
  class space    used 2708K, capacity 2803K, committed 2816K, reserved 1048576K
GC Heap History (8 events):
Event: 0.676 GC heap before
{Heap before GC invocations=1 (full 0):
 PSYoungGen      total 76288K, used 65536K [0x000000076b000000, 0x0000000770500000, 0x00000007c0000000)
  eden space 65536K, 100% used [0x000000076b000000,0x000000076f000000,0x000000076f000000)
  from space 10752K, 0% used [0x000000076fa80000,0x000000076fa80000,0x0000000770500000)
  to   space 10752K, 0% used [0x000000076f000000,0x000000076f000000,0x000000076fa80000)
 ParOldGen       total 175104K, used 0K [0x00000006c1000000, 0x00000006cbb00000, 0x000000076b000000)
  object space 175104K, 0% used [0x00000006c1000000,0x00000006c1000000,0x00000006cbb00000)
 Metaspace       used 8759K, capacity 8808K, committed 9088K, reserved 1056768K
  class space    used 1047K, capacity 1076K, committed 1152K, reserved 1048576K
Event: 0.683 GC heap after
Heap after GC invocations=1 (full 0):
 PSYoungGen      total 76288K, used 10726K [0x000000076b000000, 0x0000000774500000, 0x00000007c0000000)
  eden space 65536K, 0% used [0x000000076b000000,0x000000076b000000,0x000000076f000000)
  from space 10752K, 99% used [0x000000076f000000,0x000000076fa79a10,0x000000076fa80000)
  to   space 10752K, 0% used [0x0000000773a80000,0x0000000773a80000,0x0000000774500000)
 ParOldGen       total 175104K, used 5037K [0x00000006c1000000, 0x00000006cbb00000, 0x000000076b000000)
  object space 175104K, 2% used [0x00000006c1000000,0x00000006c14eb598,0x00000006cbb00000)
 Metaspace       used 8759K, capacity 8808K, committed 9088K, reserved 1056768K
  class space    used 1047K, capacity 1076K, committed 1152K, reserved 1048576K
}
Event: 1.331 GC heap before
{Heap before GC invocations=2 (full 0):
 PSYoungGen      total 76288K, used 76262K [0x000000076b000000, 0x0000000774500000, 0x00000007c0000000)
  eden space 65536K, 100% used [0x000000076b000000,0x000000076f000000,0x000000076f000000)
  from space 10752K, 99% used [0x000000076f000000,0x000000076fa79a10,0x000000076fa80000)
  to   space 10752K, 0% used [0x0000000773a80000,0x0000000773a80000,0x0000000774500000)
 ParOldGen       total 175104K, used 5037K [0x00000006c1000000, 0x00000006cbb00000, 0x000000076b000000)
  object space 175104K, 2% used [0x00000006c1000000,0x00000006c14eb598,0x00000006cbb00000)
 Metaspace       used 16042K, capacity 16170K, committed 16256K, reserved 1062912K
  class space    used 2083K, capacity 2111K, committed 2176K, reserved 1048576K
Event: 1.342 GC heap after
Heap after GC invocations=2 (full 0):
 PSYoungGen      total 141824K, used 10733K [0x000000076b000000, 0x0000000774500000, 0x00000007c0000000)
  eden space 131072K, 0% used [0x000000076b000000,0x000000076b000000,0x0000000773000000)
  from space 10752K, 99% used [0x0000000773a80000,0x00000007744fb428,0x0000000774500000)
  to   space 10752K, 0% used [0x0000000773000000,0x0000000773000000,0x0000000773a80000)
 ParOldGen       total 175104K, used 19698K [0x00000006c1000000, 0x00000006cbb00000, 0x000000076b000000)
  object space 175104K, 11% used [0x00000006c1000000,0x00000006c233cb48,0x00000006cbb00000)
 Metaspace       used 16042K, capacity 16170K, committed 16256K, reserved 1062912K
  class space    used 2083K, capacity 2111K, committed 2176K, reserved 1048576K
}
Event: 2.044 GC heap before
{Heap before GC invocations=3 (full 0):
 PSYoungGen      total 141824K, used 67343K [0x000000076b000000, 0x0000000774500000, 0x00000007c0000000)
  eden space 131072K, 43% used [0x000000076b000000,0x000000076e7487d8,0x0000000773000000)
  from space 10752K, 99% used [0x0000000773a80000,0x00000007744fb428,0x0000000774500000)
  to   space 10752K, 0% used [0x0000000773000000,0x0000000773000000,0x0000000773a80000)
 ParOldGen       total 175104K, used 19698K [0x00000006c1000000, 0x00000006cbb00000, 0x000000076b000000)
  object space 175104K, 11% used [0x00000006c1000000,0x00000006c233cb48,0x00000006cbb00000)
 Metaspace       used 20821K, capacity 21094K, committed 21248K, reserved 1067008K
  class space    used 2639K, capacity 2707K, committed 2816K, reserved 1048576K
Event: 2.055 GC heap after
Heap after GC invocations=3 (full 0):
 PSYoungGen      total 141824K, used 10744K [0x000000076b000000, 0x000000077c500000, 0x00000007c0000000)
  eden space 131072K, 0% used [0x000000076b000000,0x000000076b000000,0x0000000773000000)
  from space 10752K, 99% used [0x0000000773000000,0x0000000773a7e140,0x0000000773a80000)
  to   space 10752K, 0% used [0x000000077ba80000,0x000000077ba80000,0x000000077c500000)
 ParOldGen       total 175104K, used 26113K [0x00000006c1000000, 0x00000006cbb00000, 0x000000076b000000)
  object space 175104K, 14% used [0x00000006c1000000,0x00000006c2980748,0x00000006cbb00000)
 Metaspace       used 20821K, capacity 21094K, committed 21248K, reserved 1067008K
  class space    used 2639K, capacity 2707K, committed 2816K, reserved 1048576K
}
Event: 2.055 GC heap before
{Heap before GC invocations=4 (full 1):
 PSYoungGen      total 141824K, used 10744K [0x000000076b000000, 0x000000077c500000, 0x00000007c0000000)
  eden space 131072K, 0% used [0x000000076b000000,0x000000076b000000,0x0000000773000000)
  from space 10752K, 99% used [0x0000000773000000,0x0000000773a7e140,0x0000000773a80000)
  to   space 10752K, 0% used [0x000000077ba80000,0x000000077ba80000,0x000000077c500000)
 ParOldGen       total 175104K, used 26113K [0x00000006c1000000, 0x00000006cbb00000, 0x000000076b000000)
  object space 175104K, 14% used [0x00000006c1000000,0x00000006c2980748,0x00000006cbb00000)
 Metaspace       used 20821K, capacity 21094K, committed 21248K, reserved 1067008K
  class space    used 2639K, capacity 2707K, committed 2816K, reserved 1048576K
Event: 2.093 GC heap after
Heap after GC invocations=4 (full 1):
 PSYoungGen      total 141824K, used 0K [0x000000076b000000, 0x000000077c500000, 0x00000007c0000000)
  eden space 131072K, 0% used [0x000000076b000000,0x000000076b000000,0x0000000773000000)
  from space 10752K, 0% used [0x0000000773000000,0x0000000773000000,0x0000000773a80000)
  to   space 10752K, 0% used [0x000000077ba80000,0x000000077ba80000,0x000000077c500000)
 ParOldGen       total 139776K, used 20741K [0x00000006c1000000, 0x00000006c9880000, 0x000000076b000000)
  object space 139776K, 14% used [0x00000006c1000000,0x00000006c24414d8,0x00000006c9880000)
 Metaspace       used 20821K, capacity 21094K, committed 21248K, reserved 1067008K
  class space    used 2639K, capacity 2707K, committed 2816K, reserved 1048576K
}

